# JRE version: Java(TM) SE Runtime Environment (23.0.2+7) (build 23.0.2+7-58)
# Java VM: Java HotSpot(TM) 64-Bit Server VM (23.0.2+7-58, mixed mode, sharing, tiered, compressed oops, compressed class ptrs, g1 gc, windows-amd64)
GC Precious Log:
 CardTable entry size: 512
 Card Set container configuration: InlinePtr #cards 5 size 8 Array Of Cards #cards 10 size 36 Howl #buckets 4 coarsen threshold 1843 Howl Bitmap #cards 512 size 80 coarsen threshold 460 Card regions per heap region 1 cards per card region 2048
 CPUs: 8 total, 8 available
 Memory: 8067M
 Large Page Support: Disabled
 NUMA Support: Disabled
 Compressed Oops: Enabled (32-bit)
 Heap Region Size: 1M
 Heap Min Capacity: 8M
 Heap Initial Capacity: 128M
 Heap Max Capacity: 2018M
 Pre-touch: Disabled
 Parallel Workers: 8
 Concurrent Workers: 2
 Concurrent Refinement Workers: 8
 Periodic GC: Disabled
Heap:
 garbage-first heap   total reserved 2066432K, committed 86016K, used 42834K [0x0000000081e00000, 0x0000000100000000)
  region size 1024K, 7 young (7168K), 2 survivors (2048K)
 Metaspace       used 66235K, committed 66944K, reserved 1114112K
  class space    used 8996K, committed 9280K, reserved 1048576K
GC Heap History (20 events):
Event: 4.151 GC heap before
{Heap before GC invocations=3 (full 0):
 garbage-first heap   total reserved 2066432K, committed 131072K, used 33042K [0x0000000081e00000, 0x0000000100000000)
  region size 1024K, 18 young (18432K), 6 survivors (6144K)
 Metaspace       used 21249K, committed 21504K, reserved 1114112K
  class space    used 2676K, committed 2816K, reserved 1048576K
}
Event: 4.158 GC heap after
{Heap after GC invocations=4 (full 0):
 garbage-first heap   total reserved 2066432K, committed 131072K, used 24486K [0x0000000081e00000, 0x0000000100000000)
  region size 1024K, 5 young (5120K), 5 survivors (5120K)
 Metaspace       used 21249K, committed 21504K, reserved 1114112K
  class space    used 2676K, committed 2816K, reserved 1048576K
}
Event: 4.934 GC heap before
{Heap before GC invocations=5 (full 0):
 garbage-first heap   total reserved 2066432K, committed 71680K, used 58278K [0x0000000081e00000, 0x0000000100000000)
  region size 1024K, 42 young (43008K), 5 survivors (5120K)
 Metaspace       used 26397K, committed 26752K, reserved 1114112K
  class space    used 3357K, committed 3520K, reserved 1048576K
}
Event: 4.946 GC heap after
{Heap after GC invocations=6 (full 0):
 garbage-first heap   total reserved 2066432K, committed 71680K, used 23404K [0x0000000081e00000, 0x0000000100000000)
  region size 1024K, 5 young (5120K), 5 survivors (5120K)
 Metaspace       used 26397K, committed 26752K, reserved 1114112K
  class space    used 3357K, committed 3520K, reserved 1048576K
}
Event: 5.850 GC heap before
{Heap before GC invocations=6 (full 0):
 garbage-first heap   total reserved 2066432K, committed 71680K, used 53100K [0x0000000081e00000, 0x0000000100000000)
  region size 1024K, 34 young (34816K), 5 survivors (5120K)
 Metaspace       used 30589K, committed 30976K, reserved 1114112K
  class space    used 4017K, committed 4160K, reserved 1048576K
}
Event: 5.861 GC heap after
{Heap after GC invocations=7 (full 0):
 garbage-first heap   total reserved 2066432K, committed 71680K, used 25132K [0x0000000081e00000, 0x0000000100000000)
  region size 1024K, 3 young (3072K), 3 survivors (3072K)
 Metaspace       used 30589K, committed 30976K, reserved 1114112K
  class space    used 4017K, committed 4160K, reserved 1048576K
}
Event: 7.659 GC heap before
{Heap before GC invocations=7 (full 0):
 garbage-first heap   total reserved 2066432K, committed 71680K, used 51756K [0x0000000081e00000, 0x0000000100000000)
  region size 1024K, 29 young (29696K), 3 survivors (3072K)
 Metaspace       used 35828K, committed 36288K, reserved 1114112K
  class space    used 4775K, committed 4992K, reserved 1048576K
}
Event: 7.733 GC heap after
{Heap after GC invocations=8 (full 0):
 garbage-first heap   total reserved 2066432K, committed 86016K, used 27551K [0x0000000081e00000, 0x0000000100000000)
  region size 1024K, 3 young (3072K), 3 survivors (3072K)
 Metaspace       used 35828K, committed 36288K, reserved 1114112K
  class space    used 4775K, committed 4992K, reserved 1048576K
}
Event: 10.100 GC heap before
{Heap before GC invocations=9 (full 0):
 garbage-first heap   total reserved 2066432K, committed 86016K, used 66463K [0x0000000081e00000, 0x0000000100000000)
  region size 1024K, 41 young (41984K), 3 survivors (3072K)
 Metaspace       used 45028K, committed 45632K, reserved 1114112K
  class space    used 6208K, committed 6464K, reserved 1048576K
}
Event: 10.108 GC heap after
{Heap after GC invocations=10 (full 0):
 garbage-first heap   total reserved 2066432K, committed 86016K, used 30061K [0x0000000081e00000, 0x0000000100000000)
  region size 1024K, 5 young (5120K), 5 survivors (5120K)
 Metaspace       used 45028K, committed 45632K, reserved 1114112K
  class space    used 6208K, committed 6464K, reserved 1048576K
}
Event: 11.557 GC heap before
{Heap before GC invocations=10 (full 0):
 garbage-first heap   total reserved 2066432K, committed 86016K, used 68973K [0x0000000081e00000, 0x0000000100000000)
  region size 1024K, 43 young (44032K), 5 survivors (5120K)
 Metaspace       used 53940K, committed 54528K, reserved 1114112K
  class space    used 7542K, committed 7808K, reserved 1048576K
}
Event: 11.564 GC heap after
{Heap after GC invocations=11 (full 0):
 garbage-first heap   total reserved 2066432K, committed 86016K, used 32983K [0x0000000081e00000, 0x0000000100000000)
  region size 1024K, 6 young (6144K), 6 survivors (6144K)
 Metaspace       used 53940K, committed 54528K, reserved 1114112K
  class space    used 7542K, committed 7808K, reserved 1048576K
}
Event: 12.479 GC heap before
{Heap before GC invocations=11 (full 0):
 garbage-first heap   total reserved 2066432K, committed 86016K, used 70871K [0x0000000081e00000, 0x0000000100000000)
  region size 1024K, 44 young (45056K), 6 survivors (6144K)
 Metaspace       used 59502K, committed 60096K, reserved 1114112K
  class space    used 8295K, committed 8576K, reserved 1048576K
}
Event: 12.487 GC heap after
{Heap after GC invocations=12 (full 0):
 garbage-first heap   total reserved 2066432K, committed 86016K, used 37217K [0x0000000081e00000, 0x0000000100000000)
  region size 1024K, 6 young (6144K), 6 survivors (6144K)
 Metaspace       used 59502K, committed 60096K, reserved 1114112K
  class space    used 8295K, committed 8576K, reserved 1048576K
}
Event: 12.751 GC heap before
{Heap before GC invocations=12 (full 0):
 garbage-first heap   total reserved 2066432K, committed 86016K, used 45409K [0x0000000081e00000, 0x0000000100000000)
  region size 1024K, 15 young (15360K), 6 survivors (6144K)
 Metaspace       used 60177K, committed 60736K, reserved 1114112K
  class space    used 8407K, committed 8640K, reserved 1048576K
}
Event: 12.763 GC heap after
{Heap after GC invocations=13 (full 0):
 garbage-first heap   total reserved 2066432K, committed 86016K, used 38308K [0x0000000081e00000, 0x0000000100000000)
  region size 1024K, 1 young (1024K), 1 survivors (1024K)
 Metaspace       used 60177K, committed 60736K, reserved 1114112K
  class space    used 8407K, committed 8640K, reserved 1048576K
}
Event: 3551.554 GC heap before
{Heap before GC invocations=14 (full 0):
 garbage-first heap   total reserved 2066432K, committed 86016K, used 74148K [0x0000000081e00000, 0x0000000100000000)
  region size 1024K, 37 young (37888K), 1 survivors (1024K)
 Metaspace       used 65253K, committed 65920K, reserved 1114112K
  class space    used 8996K, committed 9280K, reserved 1048576K
}
Event: 3551.627 GC heap after
{Heap after GC invocations=15 (full 0):
 garbage-first heap   total reserved 2066432K, committed 86016K, used 39783K [0x0000000081e00000, 0x0000000100000000)
  region size 1024K, 3 young (3072K), 3 survivors (3072K)
 Metaspace       used 65253K, committed 65920K, reserved 1114112K
  class space    used 8996K, committed 9280K, reserved 1048576K
}
Event: 5733.675 GC heap before
{Heap before GC invocations=15 (full 0):
 garbage-first heap   total reserved 2066432K, committed 86016K, used 75623K [0x0000000081e00000, 0x0000000100000000)
  region size 1024K, 38 young (38912K), 3 survivors (3072K)
 Metaspace       used 66190K, committed 66880K, reserved 1114112K
  class space    used 8996K, committed 9280K, reserved 1048576K
}
Event: 5733.744 GC heap after
{Heap after GC invocations=16 (full 0):
 garbage-first heap   total reserved 2066432K, committed 86016K, used 38738K [0x0000000081e00000, 0x0000000100000000)
  region size 1024K, 2 young (2048K), 2 survivors (2048K)
 Metaspace       used 66190K, committed 66880K, reserved 1114112K
  class space    used 8996K, committed 9280K, reserved 1048576K
}

